SF:lib\main.dart
DA:12,0
DA:13,6
DA:14,8
DA:16,2
DA:18,2
DA:19,2
DA:20,4
DA:23,2
DA:24,6
DA:25,6
DA:27,2
DA:28,6
DA:29,6
DA:30,2
DA:31,12
DA:36,4
DA:38,2
DA:39,2
DA:40,6
DA:47,0
DA:48,0
DA:49,0
DA:50,0
DA:52,0
DA:53,0
LF:25
LH:18
end_of_record
SF:lib\providers\supabase_provider.dart
DA:4,8
DA:5,2
DA:7,2
DA:8,2
DA:9,4
LF:5
LH:5
end_of_record
SF:lib\models\table_and_column_name.dart
LF:0
LH:0
end_of_record
SF:lib\providers\logger_provider.dart
DA:4,6
DA:5,0
DA:8,2
DA:10,2
DA:11,2
DA:12,2
LF:6
LH:5
end_of_record
SF:lib\screens\idol_group_list.dart
DA:11,2
DA:12,2
DA:14,2
DA:18,2
DA:20,2
DA:21,2
DA:26,2
DA:27,4
DA:28,2
DA:29,0
DA:30,0
DA:31,0
DA:39,2
DA:41,6
DA:42,2
DA:43,2
DA:48,2
DA:51,2
DA:52,0
DA:53,0
DA:54,0
DA:55,0
DA:57,2
DA:64,2
DA:65,2
DA:66,2
DA:67,2
DA:73,2
LF:28
LH:21
end_of_record
SF:lib\screens\sign_in.dart
DA:18,2
DA:20,2
DA:21,2
DA:37,1
DA:38,5
DA:41,1
DA:42,4
DA:45,0
DA:46,0
DA:49,2
DA:51,2
DA:53,4
DA:54,2
DA:55,2
DA:56,2
DA:59,10
DA:60,2
DA:61,2
DA:62,2
DA:64,2
DA:65,2
DA:66,4
DA:67,4
DA:71,0
DA:72,0
DA:75,0
DA:76,0
DA:77,0
DA:79,0
DA:80,0
DA:86,2
DA:88,4
DA:89,2
DA:92,2
DA:94,6
DA:95,2
DA:96,2
DA:97,2
DA:98,2
DA:100,2
DA:101,2
DA:102,2
DA:103,2
DA:104,2
DA:106,2
DA:107,2
DA:108,2
DA:109,2
DA:115,2
DA:116,2
DA:118,2
DA:119,2
DA:121,2
DA:122,2
DA:123,2
DA:124,2
DA:126,2
DA:127,2
DA:152,2
DA:154,2
DA:155,2
DA:160,2
DA:162,0
DA:164,2
DA:168,2
DA:169,2
DA:194,2
DA:195,6
DA:196,0
DA:202,2
DA:204,0
DA:206,2
DA:209,2
DA:210,2
DA:211,1
DA:212,1
DA:237,1
DA:239,1
DA:240,3
DA:245,1
DA:246,1
DA:249,2
DA:250,2
DA:252,2
DA:253,2
DA:254,2
DA:255,6
DA:256,6
DA:258,4
DA:260,0
DA:267,2
DA:268,2
DA:269,2
DA:272,2
DA:273,2
DA:274,2
DA:281,2
DA:282,2
DA:283,2
DA:284,1
DA:285,2
DA:286,2
DA:289,2
DA:290,2
DA:291,2
DA:292,2
DA:293,2
DA:294,2
DA:296,6
DA:300,2
DA:301,2
DA:324,2
DA:325,2
DA:327,2
DA:328,2
DA:329,2
LF:116
LH:103
end_of_record
SF:lib\services\supabase_services\supabase_delete.dart
DA:7,1
DA:15,3
DA:16,3
DA:18,1
DA:19,1
DA:21,1
DA:23,3
DA:25,0
DA:27,0
DA:30,0
LF:10
LH:7
end_of_record
SF:lib\config\config.dart
DA:33,0
DA:34,0
LF:2
LH:0
end_of_record
SF:lib\kimikoe_app.dart
DA:9,6
DA:12,2
DA:14,2
DA:16,4
DA:17,2
DA:19,2
DA:23,4
DA:24,2
DA:26,6
DA:27,2
DA:28,2
LF:11
LH:11
end_of_record
SF:lib\router\router.dart
DA:25,6
DA:26,4
DA:27,2
DA:28,6
DA:29,4
DA:30,2
DA:31,6
DA:33,2
DA:34,4
DA:36,2
DA:37,2
DA:40,2
DA:41,4
DA:42,4
DA:44,4
DA:49,2
DA:50,2
DA:53,2
DA:55,2
DA:56,2
DA:57,2
DA:58,2
DA:60,2
DA:62,2
DA:63,2
DA:64,2
DA:65,2
DA:68,4
DA:69,2
DA:72,2
DA:73,2
DA:76,0
DA:77,0
DA:78,0
DA:79,0
DA:80,0
DA:83,2
DA:84,2
DA:87,0
DA:88,0
DA:89,0
DA:90,0
DA:91,0
DA:94,2
DA:95,2
DA:98,0
DA:99,0
DA:100,0
DA:101,0
DA:102,0
DA:110,2
DA:113,0
DA:115,0
DA:116,0
DA:117,0
DA:118,0
DA:119,0
DA:120,0
DA:128,2
DA:129,2
DA:130,2
DA:131,2
DA:134,0
DA:137,0
DA:138,0
DA:140,0
DA:141,0
DA:142,0
DA:143,0
DA:150,2
DA:153,0
DA:155,0
DA:156,0
DA:158,0
DA:159,0
DA:160,0
DA:161,0
DA:168,2
DA:171,0
DA:173,0
DA:174,0
DA:175,0
DA:176,0
DA:177,0
DA:178,0
DA:185,2
DA:188,0
DA:189,0
DA:195,2
DA:196,2
DA:197,2
DA:198,2
DA:201,0
DA:202,0
DA:205,2
DA:206,2
DA:209,0
DA:211,0
DA:212,0
DA:213,0
DA:214,0
DA:217,0
DA:226,2
DA:227,2
DA:228,2
DA:229,2
DA:232,0
DA:233,0
LF:108
LH:53
end_of_record
SF:lib\models\artist.dart
DA:2,0
LF:1
LH:0
end_of_record
SF:lib\models\dropdown_id_and_name.dart
DA:2,0
LF:1
LH:0
end_of_record
SF:lib\models\idol.dart
DA:8,0
LF:1
LH:0
end_of_record
SF:lib\models\idol_group.dart
DA:2,4
LF:1
LH:1
end_of_record
SF:lib\models\link_pair.dart
DA:2,0
LF:1
LH:0
end_of_record
SF:lib\models\song.dart
DA:5,2
LF:1
LH:1
end_of_record
SF:lib\models\user_profile.dart
DA:4,2
LF:1
LH:1
end_of_record
SF:lib\providers\artist_list_provider.dart
DA:9,0
DA:11,0
DA:13,0
DA:17,0
DA:18,0
DA:19,0
DA:20,0
DA:21,0
DA:22,0
DA:26,0
DA:27,0
DA:33,0
DA:36,0
DA:38,0
DA:41,0
DA:42,0
DA:43,0
DA:44,0
DA:46,0
DA:48,0
DA:50,0
DA:51,0
DA:52,0
LF:23
LH:0
end_of_record
SF:lib\services\supabase_services\supabase_utils.dart
DA:8,0
DA:12,0
DA:13,0
DA:16,0
DA:17,0
DA:18,0
DA:19,0
DA:22,0
DA:23,0
DA:24,0
DA:26,0
DA:28,0
DA:29,0
DA:32,0
DA:37,0
DA:41,0
DA:46,0
DA:47,0
DA:48,0
DA:49,0
DA:51,0
DA:52,0
DA:53,0
LF:23
LH:0
end_of_record
SF:lib\utils\logging_util.dart
DA:4,0
DA:7,0
DA:8,0
DA:9,0
DA:10,0
DA:12,0
DA:15,0
DA:16,0
DA:18,0
DA:19,0
LF:10
LH:0
end_of_record
SF:lib\providers\auth_provider.dart
DA:8,2
DA:10,1
DA:11,1
DA:13,3
DA:14,3
DA:18,1
DA:19,1
DA:20,2
DA:21,6
DA:22,4
DA:25,0
DA:26,0
DA:29,0
DA:33,0
DA:35,0
DA:36,0
DA:37,0
DA:38,0
DA:39,0
DA:41,0
DA:46,3
DA:47,2
LF:22
LH:12
end_of_record
SF:lib\providers\user_provider.dart
DA:10,4
DA:12,2
DA:13,6
DA:14,4
DA:16,0
DA:19,2
DA:22,6
DA:23,2
DA:24,2
DA:25,2
DA:26,2
DA:27,2
DA:29,4
DA:30,2
DA:31,2
DA:32,2
DA:33,2
DA:34,2
DA:36,6
DA:38,0
DA:39,0
DA:46,0
DA:47,0
DA:48,0
DA:51,0
DA:56,0
DA:57,0
DA:58,0
DA:60,0
DA:61,0
DA:62,0
DA:63,0
DA:65,0
DA:68,0
DA:69,0
DA:71,0
DA:76,4
DA:77,2
DA:78,6
LF:39
LH:21
end_of_record
SF:lib\providers\fetch_group_members_provider.dart
DA:5,0
DA:9,0
LF:2
LH:0
end_of_record
SF:lib\services\supabase_services\supabase_fetch.dart
DA:6,0
DA:10,0
DA:11,0
DA:14,0
DA:19,0
DA:25,0
DA:26,0
DA:27,0
DA:28,0
DA:31,0
DA:36,0
DA:42,0
DA:43,0
DA:44,0
DA:47,0
DA:52,2
DA:58,6
DA:59,6
DA:60,4
DA:64,0
LF:20
LH:4
end_of_record
SF:lib\providers\group_members_provider.dart
DA:11,0
DA:16,0
DA:17,0
DA:20,0
DA:22,0
DA:23,0
DA:24,0
DA:25,0
DA:26,0
DA:28,0
DA:29,0
DA:30,0
DA:31,0
DA:33,0
DA:34,0
DA:36,0
DA:37,0
DA:38,0
DA:39,0
DA:41,0
DA:42,0
DA:43,0
DA:44,0
DA:45,0
DA:46,0
DA:47,0
DA:48,0
DA:49,0
DA:50,0
DA:51,0
DA:52,0
DA:54,0
DA:56,0
DA:57,0
DA:59,0
DA:60,0
DA:64,0
DA:68,0
DA:69,0
DA:70,0
DA:71,0
DA:72,0
DA:78,0
DA:79,0
DA:80,0
DA:81,0
LF:46
LH:0
end_of_record
SF:lib\providers\groups_providere.dart
DA:11,2
DA:18,2
DA:22,2
DA:23,2
DA:24,0
DA:30,6
DA:32,2
DA:35,2
DA:40,2
DA:44,4
DA:45,6
DA:47,2
DA:51,2
DA:53,4
DA:54,2
DA:55,2
DA:56,2
DA:57,2
DA:58,2
DA:59,2
DA:60,2
DA:61,2
DA:62,2
DA:63,2
DA:65,2
DA:66,8
DA:67,2
DA:68,6
DA:71,0
DA:80,0
DA:83,0
DA:84,0
DA:87,0
DA:90,0
DA:91,0
DA:92,0
DA:96,0
DA:98,0
DA:99,0
DA:100,0
DA:101,0
DA:102,0
DA:106,0
DA:107,0
DA:116,4
DA:117,4
DA:118,2
DA:119,2
DA:120,2
LF:49
LH:32
end_of_record
SF:lib\providers\group_songs_provider.dart
DA:9,0
DA:10,0
DA:13,0
DA:14,0
DA:15,0
DA:16,0
DA:18,0
DA:19,0
DA:20,0
DA:21,0
DA:22,0
DA:23,0
DA:24,0
DA:25,0
DA:26,0
DA:27,0
DA:28,0
DA:29,0
DA:31,0
DA:34,0
DA:35,0
DA:37,0
DA:38,0
DA:41,0
DA:42,0
DA:46,0
LF:26
LH:0
end_of_record
SF:lib\services\supabase_services\supabase_update.dart
DA:8,0
DA:22,0
DA:25,0
DA:31,0
DA:32,0
DA:33,0
DA:35,0
DA:38,0
DA:40,0
DA:47,0
DA:63,0
DA:74,0
DA:75,0
DA:76,0
DA:78,0
DA:81,0
DA:83,0
DA:86,0
DA:91,0
DA:105,0
DA:114,0
DA:115,0
DA:116,0
DA:118,0
DA:121,0
DA:123,0
DA:130,0
DA:140,0
DA:145,0
DA:146,0
DA:147,0
DA:149,0
DA:152,0
DA:154,0
LF:34
LH:0
end_of_record
SF:lib\screens\appbar\bottom_bar.dart
DA:11,2
DA:17,2
DA:18,2
DA:27,0
DA:28,0
DA:29,0
DA:31,0
DA:34,0
DA:35,0
DA:36,0
DA:38,0
DA:41,0
DA:42,0
DA:44,0
DA:45,0
DA:46,0
DA:49,0
DA:51,0
DA:52,0
DA:53,0
DA:56,0
DA:58,0
DA:59,0
DA:60,0
DA:63,0
DA:65,0
DA:66,0
DA:67,0
DA:78,0
DA:79,0
DA:80,0
DA:81,0
DA:85,2
DA:87,6
DA:88,6
DA:90,2
DA:91,2
DA:92,2
DA:97,2
DA:99,2
DA:100,4
DA:101,2
DA:102,4
DA:104,0
DA:105,0
DA:106,0
DA:107,0
DA:108,0
DA:110,0
DA:112,0
DA:116,2
DA:117,2
DA:118,2
DA:120,4
DA:124,2
DA:125,2
DA:127,4
DA:131,2
DA:132,2
DA:133,2
DA:139,2
DA:140,2
LF:62
LH:26
end_of_record
SF:lib\screens\group_detail\group_detail.dart
DA:16,0
DA:23,0
DA:24,0
DA:31,0
DA:32,0
DA:33,0
DA:34,0
DA:35,0
DA:36,0
DA:37,0
DA:39,0
DA:41,0
DA:44,0
DA:45,0
DA:51,0
DA:53,0
DA:54,0
DA:56,0
DA:59,0
DA:60,0
DA:61,0
DA:62,0
DA:63,0
DA:65,0
DA:68,0
DA:70,0
DA:71,0
DA:74,0
DA:76,0
DA:79,0
DA:80,0
DA:83,0
LF:32
LH:0
end_of_record
SF:lib\screens\idol_detail.dart
DA:17,0
DA:24,0
DA:25,0
DA:35,0
DA:36,0
DA:37,0
DA:38,0
DA:40,0
DA:43,0
DA:44,0
DA:45,0
DA:46,0
DA:48,0
DA:51,0
DA:52,0
DA:53,0
DA:56,0
DA:58,0
DA:59,0
DA:60,0
DA:61,0
DA:62,0
DA:65,0
DA:66,0
DA:67,0
DA:68,0
DA:69,0
DA:70,0
DA:71,0
DA:73,0
DA:75,0
DA:78,0
DA:79,0
DA:85,0
DA:87,0
DA:89,0
DA:95,0
DA:96,0
DA:97,0
DA:98,0
DA:99,0
DA:100,0
DA:101,0
DA:102,0
DA:103,0
DA:104,0
DA:106,0
DA:107,0
DA:113,0
DA:116,0
DA:119,0
DA:120,0
DA:121,0
DA:123,0
DA:127,0
DA:129,0
DA:131,0
DA:133,0
DA:135,0
DA:136,0
DA:137,0
DA:140,0
DA:141,0
DA:142,0
DA:143,0
DA:144,0
DA:145,0
DA:147,0
DA:152,0
DA:153,0
DA:154,0
DA:155,0
DA:157,0
DA:162,0
DA:163,0
DA:164,0
DA:165,0
DA:167,0
DA:177,0
DA:178,0
DA:179,0
DA:182,0
DA:183,0
DA:184,0
DA:188,0
DA:189,0
DA:190,0
DA:191,0
DA:196,0
DA:197,0
DA:198,0
DA:199,0
DA:201,0
DA:202,0
DA:205,0
DA:206,0
DA:207,0
DA:209,0
DA:210,0
DA:211,0
DA:213,0
DA:216,0
DA:217,0
DA:218,0
DA:220,0
DA:221,0
DA:222,0
DA:223,0
DA:225,0
DA:226,0
DA:227,0
DA:229,0
DA:232,0
DA:233,0
DA:234,0
LF:115
LH:0
end_of_record
SF:lib\screens\lyric\song.dart
DA:22,0
DA:30,0
DA:31,0
DA:36,0
DA:38,0
DA:39,0
DA:40,0
DA:41,0
DA:45,0
DA:46,0
DA:48,0
DA:49,0
DA:50,0
DA:51,0
DA:53,0
DA:55,0
DA:58,0
DA:59,0
DA:65,0
DA:68,0
DA:69,0
DA:70,0
DA:74,0
DA:75,0
DA:76,0
DA:79,0
DA:80,0
DA:84,0
DA:85,0
DA:87,0
DA:89,0
DA:91,0
DA:93,0
DA:95,0
DA:96,0
DA:100,0
DA:101,0
DA:102,0
LF:38
LH:0
end_of_record
SF:lib\screens\posts\add_artist.dart
DA:22,2
DA:24,0
DA:25,0
DA:36,0
DA:37,0
DA:39,0
DA:40,0
DA:43,0
DA:44,0
DA:45,0
DA:47,0
DA:48,0
DA:49,0
DA:53,0
DA:56,0
DA:57,0
DA:60,0
DA:61,0
DA:64,0
DA:65,0
DA:69,0
DA:71,0
DA:74,0
DA:75,0
DA:76,0
DA:78,0
DA:79,0
DA:80,0
DA:83,0
DA:84,0
DA:87,0
DA:91,0
DA:94,0
DA:95,0
DA:98,0
DA:100,0
DA:102,0
DA:107,0
DA:108,0
DA:109,0
DA:110,0
DA:111,0
DA:112,0
DA:114,0
DA:116,0
DA:121,0
DA:123,0
DA:124,0
DA:127,0
DA:128,0
DA:129,0
DA:134,0
DA:136,0
DA:137,0
DA:138,0
DA:143,0
DA:145,0
DA:146,0
LF:58
LH:1
end_of_record
SF:lib\screens\posts\add_group.dart
DA:29,0
DA:38,0
DA:39,0
DA:60,0
DA:62,0
DA:64,0
DA:65,0
DA:68,0
DA:70,0
DA:71,0
DA:72,0
DA:74,0
DA:78,0
DA:80,0
DA:81,0
DA:84,0
DA:85,0
DA:88,0
DA:89,0
DA:90,0
DA:92,0
DA:93,0
DA:94,0
DA:95,0
DA:98,0
DA:99,0
DA:103,0
DA:108,0
DA:109,0
DA:111,0
DA:112,0
DA:115,0
DA:116,0
DA:117,0
DA:119,0
DA:120,0
DA:121,0
DA:126,0
DA:128,0
DA:129,0
DA:130,0
DA:131,0
DA:132,0
DA:133,0
DA:138,0
DA:140,0
DA:143,0
DA:145,0
DA:146,0
DA:147,0
DA:149,0
DA:150,0
DA:151,0
DA:152,0
DA:153,0
DA:154,0
DA:155,0
DA:156,0
DA:157,0
DA:160,0
DA:161,0
DA:163,0
DA:164,0
DA:165,0
DA:166,0
DA:167,0
DA:168,0
DA:169,0
DA:170,0
DA:174,0
DA:175,0
DA:178,0
DA:179,0
DA:183,0
DA:186,0
DA:188,0
DA:189,0
DA:190,0
DA:191,0
DA:192,0
DA:194,0
DA:195,0
DA:196,0
DA:197,0
DA:199,0
DA:200,0
DA:201,0
DA:203,0
DA:208,0
DA:209,0
DA:211,0
DA:212,0
DA:213,0
DA:217,0
DA:218,0
DA:219,0
DA:220,0
DA:221,0
DA:226,0
DA:228,0
DA:229,0
DA:230,0
DA:231,0
DA:235,0
DA:236,0
DA:240,0
DA:241,0
DA:245,0
DA:246,0
DA:250,0
DA:251,0
DA:255,0
DA:256,0
DA:260,0
DA:261,0
DA:265,0
DA:266,0
DA:270,0
DA:271,0
DA:275,0
DA:276,0
DA:277,0
DA:278,0
DA:283,0
DA:285,0
DA:286,0
LF:126
LH:0
end_of_record
SF:lib\screens\posts\add_idol.dart
DA:36,0
DA:39,0
DA:48,0
DA:49,0
DA:79,0
DA:81,0
DA:82,0
DA:84,0
DA:85,0
DA:86,0
DA:87,0
DA:89,0
DA:90,0
DA:91,0
DA:94,0
DA:95,0
DA:97,0
DA:99,0
DA:100,0
DA:102,0
DA:103,0
DA:105,0
DA:106,0
DA:108,0
DA:109,0
DA:111,0
DA:112,0
DA:116,0
DA:117,0
DA:119,0
DA:121,0
DA:122,0
DA:123,0
DA:127,0
DA:129,0
DA:130,0
DA:131,0
DA:132,0
DA:133,0
DA:134,0
DA:137,0
DA:138,0
DA:140,0
DA:141,0
DA:144,0
DA:145,0
DA:146,0
DA:148,0
DA:149,0
DA:150,0
DA:155,0
DA:157,0
DA:158,0
DA:159,0
DA:160,0
DA:161,0
DA:162,0
DA:167,0
DA:169,0
DA:173,0
DA:176,0
DA:179,0
DA:180,0
DA:184,0
DA:187,0
DA:191,0
DA:194,0
DA:198,0
DA:200,0
DA:201,0
DA:202,0
DA:203,0
DA:208,0
DA:209,0
DA:211,0
DA:213,0
DA:214,0
DA:215,0
DA:221,0
DA:223,0
DA:224,0
DA:225,0
DA:226,0
DA:227,0
DA:228,0
DA:229,0
DA:233,0
DA:236,0
DA:238,0
DA:241,0
DA:242,0
DA:246,0
DA:249,0
DA:251,0
DA:252,0
DA:253,0
DA:257,0
DA:258,0
DA:261,0
DA:265,0
DA:268,0
DA:269,0
DA:272,0
DA:273,0
DA:276,0
DA:277,0
DA:278,0
DA:280,0
DA:281,0
DA:282,0
DA:283,0
DA:286,0
DA:287,0
DA:288,0
DA:296,0
DA:297,0
DA:298,0
DA:300,0
DA:301,0
DA:302,0
DA:303,0
DA:306,0
DA:307,0
DA:308,0
DA:313,0
DA:314,0
DA:315,0
DA:316,0
DA:317,0
DA:318,0
DA:319,0
DA:323,0
DA:330,0
DA:331,0
DA:332,0
DA:334,0
DA:335,0
DA:336,0
DA:337,0
DA:340,0
DA:341,0
DA:342,0
DA:350,0
DA:351,0
DA:352,0
DA:353,0
DA:354,0
DA:355,0
DA:356,0
DA:357,0
DA:358,0
DA:359,0
DA:360,0
DA:362,0
DA:364,0
DA:371,0
DA:373,0
DA:375,0
DA:376,0
DA:377,0
DA:378,0
DA:380,0
DA:381,0
DA:382,0
DA:383,0
DA:385,0
DA:387,0
DA:392,0
DA:394,0
DA:396,0
DA:397,0
DA:398,0
DA:402,0
DA:404,0
DA:405,0
DA:408,0
DA:409,0
DA:410,0
DA:411,0
DA:412,0
DA:424,0
DA:425,0
DA:426,0
DA:427,0
DA:428,0
DA:433,0
DA:435,0
DA:437,0
DA:438,0
DA:439,0
DA:440,0
DA:441,0
DA:447,0
DA:449,0
DA:451,0
DA:452,0
DA:453,0
DA:454,0
DA:455,0
DA:461,0
DA:463,0
DA:464,0
DA:465,0
DA:466,0
DA:467,0
DA:468,0
DA:474,0
DA:476,0
DA:478,0
DA:479,0
DA:480,0
DA:484,0
DA:486,0
DA:487,0
DA:489,0
DA:490,0
DA:491,0
DA:492,0
DA:498,0
DA:500,0
DA:501,0
DA:502,0
DA:503,0
DA:509,0
DA:511,0
DA:512,0
LF:226
LH:0
end_of_record
SF:lib\screens\posts\add_song.dart
DA:34,0
DA:43,0
DA:44,0
DA:75,0
DA:77,0
DA:78,0
DA:81,0
DA:82,0
DA:84,0
DA:85,0
DA:87,0
DA:88,0
DA:89,0
DA:91,0
DA:95,0
DA:97,0
DA:98,0
DA:99,0
DA:100,0
DA:101,0
DA:102,0
DA:104,0
DA:105,0
DA:107,0
DA:110,0
DA:111,0
DA:112,0
DA:113,0
DA:114,0
DA:116,0
DA:117,0
DA:119,0
DA:120,0
DA:122,0
DA:123,0
DA:125,0
DA:127,0
DA:129,0
DA:131,0
DA:133,0
DA:134,0
DA:135,0
DA:136,0
DA:137,0
DA:141,0
DA:142,0
DA:143,0
DA:144,0
DA:145,0
DA:148,0
DA:149,0
DA:151,0
DA:153,0
DA:155,0
DA:157,0
DA:159,0
DA:161,0
DA:162,0
DA:163,0
DA:164,0
DA:165,0
DA:169,0
DA:170,0
DA:172,0
DA:173,0
DA:176,0
DA:177,0
DA:178,0
DA:180,0
DA:182,0
DA:183,0
DA:188,0
DA:191,0
DA:192,0
DA:193,0
DA:194,0
DA:196,0
DA:200,0
DA:202,0
DA:203,0
DA:204,0
DA:205,0
DA:206,0
DA:207,0
DA:212,0
DA:214,0
DA:217,0
DA:218,0
DA:225,0
DA:227,0
DA:228,0
DA:229,0
DA:230,0
DA:235,0
DA:236,0
DA:238,0
DA:241,0
DA:244,0
DA:246,0
DA:247,0
DA:248,0
DA:249,0
DA:252,0
DA:253,0
DA:255,0
DA:257,0
DA:258,0
DA:259,0
DA:265,0
DA:267,0
DA:268,0
DA:269,0
DA:270,0
DA:273,0
DA:274,0
DA:276,0
DA:278,0
DA:279,0
DA:280,0
DA:286,0
DA:287,0
DA:288,0
DA:289,0
DA:293,0
DA:296,0
DA:297,0
DA:298,0
DA:299,0
DA:302,0
DA:303,0
DA:307,0
DA:310,0
DA:311,0
DA:312,0
DA:316,0
DA:317,0
DA:320,0
DA:322,0
DA:325,0
DA:326,0
DA:329,0
DA:330,0
DA:331,0
DA:333,0
DA:334,0
DA:335,0
DA:337,0
DA:338,0
DA:339,0
DA:347,0
DA:348,0
DA:349,0
DA:350,0
DA:351,0
DA:355,0
DA:357,0
DA:359,0
DA:360,0
DA:361,0
DA:362,0
DA:364,0
DA:365,0
DA:367,0
DA:368,0
DA:369,0
DA:371,0
DA:376,0
DA:377,0
DA:379,0
DA:380,0
DA:381,0
DA:387,0
DA:389,0
DA:390,0
DA:395,0
DA:396,0
DA:398,0
DA:399,0
DA:400,0
DA:401,0
DA:403,0
DA:404,0
DA:405,0
DA:409,0
DA:411,0
DA:412,0
DA:417,0
DA:419,0
DA:420,0
DA:422,0
DA:423,0
DA:424,0
DA:425,0
DA:426,0
DA:427,0
DA:431,0
DA:432,0
DA:434,0
DA:435,0
DA:437,0
DA:438,0
DA:440,0
DA:441,0
DA:443,0
DA:444,0
DA:446,0
DA:447,0
DA:448,0
DA:449,0
DA:450,0
DA:451,0
DA:456,0
DA:457,0
DA:459,0
DA:460,0
DA:461,0
DA:462,0
DA:467,0
DA:468,0
DA:470,0
DA:471,0
DA:473,0
LF:222
LH:0
end_of_record
SF:lib\screens\posts\edit_user.dart
DA:18,0
DA:24,0
DA:25,0
DA:39,0
DA:40,0
DA:44,0
DA:45,0
DA:48,0
DA:49,0
DA:51,0
DA:52,0
DA:55,0
DA:56,0
DA:57,0
DA:59,0
DA:60,0
DA:61,0
DA:66,0
DA:67,0
DA:69,0
DA:70,0
DA:71,0
DA:72,0
DA:75,0
DA:76,0
DA:77,0
DA:85,0
DA:86,0
DA:89,0
DA:93,0
DA:96,0
DA:98,0
DA:103,0
DA:104,0
DA:107,0
DA:108,0
DA:110,0
DA:112,0
DA:113,0
DA:114,0
DA:115,0
DA:117,0
DA:122,0
DA:123,0
DA:125,0
DA:126,0
DA:127,0
DA:131,0
DA:132,0
DA:134,0
DA:135,0
DA:136,0
DA:149,0
DA:150,0
DA:151,0
DA:152,0
DA:153,0
DA:159,0
DA:161,0
DA:162,0
LF:60
LH:0
end_of_record
SF:lib\screens\song_list.dart
DA:13,0
DA:19,0
DA:20,0
DA:24,0
DA:26,0
DA:27,0
DA:29,0
DA:33,0
DA:35,0
DA:36,0
DA:38,0
DA:40,0
DA:41,0
DA:42,0
DA:43,0
DA:44,0
DA:45,0
DA:46,0
DA:47,0
DA:53,0
DA:54,0
DA:55,0
DA:56,0
DA:59,0
LF:24
LH:0
end_of_record
SF:lib\screens\user.dart
DA:10,2
DA:12,0
DA:16,0
DA:17,0
DA:19,0
DA:24,0
DA:25,0
DA:32,0
DA:34,0
DA:36,0
DA:38,0
DA:43,0
DA:44,0
DA:50,0
LF:14
LH:1
end_of_record
SF:lib\widgets\button\styled_button.dart
DA:6,0
DA:23,0
DA:25,0
DA:26,0
DA:27,0
DA:28,0
DA:29,0
DA:30,0
DA:32,0
DA:35,0
DA:41,0
DA:42,0
DA:43,0
DA:44,0
LF:14
LH:0
end_of_record
SF:lib\screens\appbar\top_bar.dart
DA:7,8
DA:30,0
DA:31,0
DA:32,0
DA:34,0
DA:38,0
DA:40,0
DA:41,0
DA:42,0
DA:43,0
DA:45,0
DA:47,0
DA:48,0
DA:49,0
DA:52,0
DA:53,0
DA:54,0
DA:55,0
DA:60,0
DA:61,0
DA:63,0
DA:65,0
DA:66,0
DA:69,0
DA:70,0
DA:72,0
DA:73,0
DA:75,0
DA:77,0
DA:79,0
DA:80,0
DA:81,0
DA:82,0
DA:92,2
DA:94,2
DA:95,2
DA:96,2
DA:98,2
DA:99,2
DA:105,2
DA:110,2
DA:115,2
DA:117,2
DA:119,2
DA:121,2
DA:122,2
DA:123,2
DA:124,2
DA:125,2
DA:133,2
LF:50
LH:18
end_of_record
SF:lib\screens\group_detail\widget\group_info.dart
DA:10,0
DA:13,0
DA:14,0
DA:26,0
DA:27,0
DA:28,0
DA:31,0
DA:32,0
DA:33,0
DA:34,0
DA:36,0
DA:39,0
DA:40,0
DA:41,0
DA:42,0
DA:44,0
DA:47,0
DA:48,0
DA:49,0
DA:50,0
DA:52,0
DA:55,0
DA:57,0
DA:58,0
DA:59,0
DA:60,0
DA:61,0
DA:62,0
DA:65,0
DA:67,0
DA:69,0
DA:70,0
DA:72,0
DA:73,0
DA:74,0
DA:77,0
DA:78,0
DA:79,0
DA:80,0
DA:81,0
DA:82,0
DA:84,0
DA:89,0
DA:90,0
DA:91,0
DA:92,0
DA:94,0
DA:99,0
DA:100,0
DA:101,0
DA:102,0
DA:104,0
DA:109,0
DA:110,0
DA:111,0
DA:112,0
DA:114,0
DA:124,0
DA:125,0
DA:126,0
DA:127,0
DA:129,0
DA:130,0
DA:131,0
DA:133,0
DA:136,0
DA:137,0
DA:138,0
LF:68
LH:0
end_of_record
SF:lib\screens\group_detail\widget\group_members.dart
DA:11,0
DA:17,0
DA:19,0
DA:20,0
DA:22,0
DA:28,0
DA:29,0
DA:30,0
DA:34,0
DA:36,0
DA:37,0
DA:38,0
DA:39,0
DA:40,0
DA:41,0
DA:42,0
DA:43,0
DA:48,0
DA:49,0
DA:50,0
DA:53,0
DA:54,0
DA:55,0
DA:59,0
DA:60,0
DA:72,0
DA:73,0
LF:27
LH:0
end_of_record
SF:lib\widgets\delete_alert_dialog.dart
DA:5,0
DA:15,0
DA:17,0
DA:20,0
DA:21,0
DA:22,0
DA:24,0
DA:25,0
DA:26,0
DA:27,0
DA:28,0
DA:30,0
DA:32,0
DA:33,0
DA:34,0
DA:36,0
DA:39,0
DA:41,0
DA:44,0
DA:45,0
DA:46,0
LF:21
LH:0
end_of_record
SF:lib\utils\open_links.dart
DA:6,0
DA:7,0
DA:8,0
DA:12,0
DA:13,0
DA:17,0
DA:21,0
DA:22,0
DA:23,0
DA:27,0
DA:31,0
DA:32,0
DA:33,0
DA:35,0
DA:36,0
DA:39,0
DA:40,0
DA:43,0
DA:44,0
DA:46,0
DA:47,0
DA:52,0
DA:59,0
DA:60,0
DA:62,0
DA:63,0
DA:66,0
DA:71,0
DA:73,0
DA:74,0
DA:79,0
DA:83,0
DA:85,0
DA:87,0
DA:88,0
LF:35
LH:0
end_of_record
SF:lib\utils\date_formatter.dart
DA:3,0
DA:7,0
DA:8,0
DA:11,0
DA:12,0
DA:13,0
DA:14,0
DA:17,0
DA:18,0
DA:19,0
DA:20,0
DA:23,0
DA:24,0
DA:25,0
DA:26,0
DA:29,0
DA:30,0
DA:31,0
DA:32,0
LF:19
LH:0
end_of_record
SF:lib\widgets\card\group_card_l.dart
DA:8,2
DA:16,2
DA:18,8
DA:19,2
DA:20,0
DA:22,0
DA:24,2
DA:26,2
DA:28,2
DA:29,2
DA:30,2
DA:31,2
DA:37,2
DA:39,2
DA:41,2
DA:42,2
DA:43,2
DA:44,2
DA:52,2
DA:53,4
LF:20
LH:18
end_of_record
SF:lib\screens\lyric\widget\lyrics.dart
DA:9,0
DA:17,0
DA:19,0
DA:20,0
DA:21,0
DA:22,0
DA:26,0
DA:27,0
DA:29,0
DA:30,0
DA:31,0
DA:32,0
DA:35,0
DA:37,0
DA:38,0
DA:39,0
DA:40,0
DA:41,0
DA:42,0
DA:43,0
DA:44,0
DA:45,0
DA:46,0
DA:47,0
LF:24
LH:0
end_of_record
SF:lib\screens\lyric\widget\member_color_and_name_list.dart
DA:9,0
DA:15,0
DA:16,0
DA:20,0
DA:22,0
DA:23,0
DA:24,0
DA:25,0
DA:29,0
DA:30,0
DA:31,0
DA:32,0
DA:33,0
DA:34,0
DA:35,0
DA:36,0
DA:37,0
DA:38,0
DA:39,0
DA:42,0
DA:48,0
DA:52,0
LF:22
LH:0
end_of_record
SF:lib\screens\lyric\widget\song_info_card.dart
DA:7,0
DA:13,0
DA:15,0
DA:18,0
DA:20,0
DA:21,0
DA:23,0
DA:25,0
DA:26,0
DA:27,0
DA:31,0
DA:32,0
DA:34,0
DA:35,0
DA:37,0
DA:38,0
DA:43,0
DA:44,0
LF:18
LH:0
end_of_record
SF:lib\utils\error_handling.dart
DA:4,0
DA:5,0
LF:2
LH:0
end_of_record
SF:lib\widgets\text\custom_text_for_lyrics.dart
DA:6,0
DA:14,0
DA:16,0
DA:17,0
DA:18,0
DA:20,0
DA:21,0
DA:23,0
DA:26,0
DA:27,0
DA:28,0
DA:33,0
DA:34,0
DA:35,0
LF:14
LH:0
end_of_record
SF:lib\widgets\text\styled_text.dart
DA:5,0
DA:16,0
DA:18,0
DA:19,0
DA:20,0
DA:21,0
DA:22,0
LF:7
LH:0
end_of_record
SF:lib\services\supabase_services\supabase_insert.dart
DA:6,0
DA:14,0
DA:20,0
DA:21,0
DA:23,0
DA:26,0
DA:28,0
DA:35,0
DA:48,0
DA:51,0
DA:58,0
DA:59,0
DA:61,0
DA:64,0
DA:66,0
DA:73,0
DA:88,0
DA:100,0
DA:101,0
DA:103,0
DA:106,0
DA:108,0
DA:115,0
DA:128,0
DA:138,0
DA:139,0
DA:141,0
DA:144,0
DA:146,0
LF:29
LH:0
end_of_record
SF:lib\services\supabase_services\supabase_storage.dart
DA:11,0
DA:18,0
DA:20,0
DA:21,0
DA:22,0
DA:27,0
DA:33,0
DA:38,0
DA:39,0
DA:42,0
DA:43,0
DA:46,0
LF:12
LH:0
end_of_record
SF:lib\utils\image_utils.dart
DA:12,0
DA:18,0
DA:23,0
DA:45,0
DA:50,0
DA:57,0
LF:6
LH:0
end_of_record
SF:lib\utils\validator\validator.dart
DA:1,0
DA:2,0
DA:8,0
DA:9,0
DA:10,0
DA:11,0
DA:12,0
DA:17,0
DA:18,0
DA:20,0
DA:21,0
DA:26,0
DA:27,0
DA:28,0
DA:29,0
DA:30,0
DA:35,0
DA:36,0
DA:39,0
LF:19
LH:0
end_of_record
SF:lib\widgets\button\image_input.dart
DA:10,0
DA:23,0
DA:24,0
DA:32,0
DA:34,0
DA:35,0
DA:36,0
DA:37,0
DA:41,0
DA:43,0
DA:48,0
DA:49,0
DA:50,0
DA:53,0
DA:54,0
DA:57,0
DA:59,0
DA:60,0
DA:61,0
DA:62,0
DA:65,0
DA:66,0
DA:67,0
DA:68,0
DA:69,0
DA:75,0
DA:76,0
DA:77,0
DA:78,0
DA:79,0
DA:84,0
DA:85,0
DA:96,0
DA:98,0
LF:34
LH:0
end_of_record
SF:lib\widgets\form\expanded_text_form.dart
DA:5,0
DA:16,0
DA:17,0
DA:23,0
DA:25,0
DA:28,0
DA:29,0
DA:30,0
DA:32,0
DA:38,0
DA:39,0
DA:40,0
LF:12
LH:0
end_of_record
SF:lib\widgets\form\text_input_form.dart
DA:5,0
DA:20,0
DA:22,0
DA:24,0
DA:25,0
DA:26,0
DA:28,0
DA:32,0
DA:34,0
DA:35,0
LF:10
LH:0
end_of_record
SF:lib\utils\pickers\custom_picker.dart
DA:4,0
DA:9,0
DA:16,0
DA:18,0
DA:21,0
DA:23,0
DA:28,0
DA:33,0
DA:40,0
DA:42,0
DA:45,0
DA:47,0
LF:12
LH:0
end_of_record
SF:lib\widgets\form\picker_form.dart
DA:5,0
DA:20,0
DA:21,0
DA:25,0
DA:27,0
DA:28,0
DA:30,0
DA:32,0
DA:34,0
DA:35,0
DA:36,0
DA:37,0
DA:39,0
DA:44,0
LF:14
LH:0
end_of_record
SF:lib\utils\bool_check.dart
DA:3,0
DA:4,0
DA:5,0
LF:3
LH:0
end_of_record
SF:lib\utils\color_code_to_string_hex.dart
DA:3,0
DA:4,0
LF:2
LH:0
end_of_record
SF:lib\utils\pickers\int_picker.dart
DA:4,0
DA:17,0
DA:18,0
DA:23,0
DA:25,0
DA:26,0
DA:29,0
DA:31,0
DA:32,0
DA:34,0
DA:39,0
DA:41,0
DA:42,0
DA:43,0
DA:44,0
DA:45,0
DA:46,0
DA:51,0
LF:18
LH:0
end_of_record
SF:lib\widgets\button\circular_button.dart
DA:5,0
DA:13,0
DA:15,0
DA:16,0
DA:17,0
DA:18,0
LF:6
LH:0
end_of_record
SF:lib\widgets\form\dropdown_menu_group_list.dart
DA:7,0
DA:18,0
DA:19,0
DA:23,0
DA:25,0
DA:27,0
DA:28,0
DA:30,0
DA:38,0
DA:39,0
DA:40,0
DA:41,0
DA:42,0
DA:44,0
DA:46,0
LF:15
LH:0
end_of_record
SF:lib\widgets\form\text_form_with_controller.dart
DA:5,0
DA:19,0
DA:21,0
DA:23,0
DA:24,0
DA:25,0
DA:26,0
DA:28,0
DA:35,0
DA:36,0
LF:10
LH:0
end_of_record
SF:lib\services\auth_methods.dart
DA:16,2
DA:26,2
DA:27,6
DA:33,6
DA:37,0
DA:39,0
DA:40,0
DA:42,0
DA:44,0
DA:46,0
DA:49,0
DA:52,0
DA:54,0
DA:55,0
DA:56,0
DA:57,0
DA:62,0
DA:63,0
DA:64,0
DA:67,0
DA:68,0
DA:69,0
DA:70,0
DA:72,0
DA:73,0
DA:74,0
DA:75,0
DA:82,1
DA:83,1
DA:88,3
DA:89,3
DA:92,1
DA:97,2
DA:98,2
DA:100,4
DA:101,1
DA:103,1
DA:108,3
DA:110,2
DA:111,0
DA:112,0
DA:113,0
DA:117,2
DA:118,0
DA:122,1
DA:123,1
DA:128,5
DA:131,1
DA:133,3
DA:135,2
DA:136,0
DA:137,0
DA:138,0
DA:141,2
DA:142,0
DA:146,0
DA:147,0
DA:148,0
DA:151,0
DA:153,0
DA:157,0
DA:158,0
DA:159,0
DA:160,0
DA:163,0
DA:166,0
DA:169,0
DA:175,0
DA:176,0
DA:178,0
DA:180,0
LF:71
LH:24
end_of_record
SF:lib\widgets\button\social_login_button.dart
DA:6,2
DA:14,2
DA:20,2
DA:21,2
DA:22,2
DA:23,2
LF:6
LH:6
end_of_record
SF:lib\widgets\card\group_card_m.dart
DA:9,0
DA:17,0
DA:19,0
DA:20,0
DA:21,0
DA:23,0
DA:25,0
DA:26,0
DA:27,0
DA:29,0
DA:32,0
DA:33,0
DA:35,0
DA:36,0
DA:37,0
DA:39,0
DA:47,0
DA:48,0
DA:50,0
DA:51,0
DA:59,0
LF:21
LH:0
end_of_record
SF:lib\widgets\card\song_card.dart
DA:13,0
DA:23,0
DA:25,0
DA:26,0
DA:28,0
DA:31,0
DA:34,0
DA:35,0
DA:36,0
DA:37,0
DA:40,0
DA:42,0
DA:43,0
DA:44,0
DA:47,0
DA:48,0
DA:49,0
DA:52,0
DA:53,0
DA:55,0
DA:56,0
DA:57,0
DA:59,0
DA:65,0
DA:66,0
DA:68,0
DA:69,0
DA:79,0
LF:28
LH:0
end_of_record
SF:lib\services\image_picker_service.dart
DA:8,0
DA:9,0
DA:12,0
DA:14,0
LF:4
LH:0
end_of_record
SF:lib\utils\show_log_and_snack_bar.dart
DA:4,1
DA:10,0
DA:12,2
DA:14,2
DA:15,2
LF:5
LH:4
end_of_record
SF:lib\utils\generate_simple_random_string.dart
DA:3,0
DA:6,0
DA:7,0
DA:8,0
DA:10,0
LF:5
LH:0
end_of_record
